CRITICAL - 2022-12-30 01:37:26 --> Unsupported operand types: string + string
in APPPATH\Controllers\About.php on line 16.
 1 SYSTEMPATH\CodeIgniter.php(925): App\Controllers\About->get()
 2 SYSTEMPATH\CodeIgniter.php(480): CodeIgniter\CodeIgniter->runController(Object(App\Controllers\About))
 3 SYSTEMPATH\CodeIgniter.php(349): CodeIgniter\CodeIgniter->handleRequest(null, Object(Config\Cache), false)
 4 FCPATH\index.php(67): CodeIgniter\CodeIgniter->run()
 5 SYSTEMPATH\Commands\Server\rewrite.php(47): require_once('FCPATH\\index.php')
CRITICAL - 2022-12-30 01:37:28 --> Unsupported operand types: string + string
in APPPATH\Controllers\About.php on line 16.
 1 SYSTEMPATH\CodeIgniter.php(925): App\Controllers\About->get()
 2 SYSTEMPATH\CodeIgniter.php(480): CodeIgniter\CodeIgniter->runController(Object(App\Controllers\About))
 3 SYSTEMPATH\CodeIgniter.php(349): CodeIgniter\CodeIgniter->handleRequest(null, Object(Config\Cache), false)
 4 FCPATH\index.php(67): CodeIgniter\CodeIgniter->run()
 5 SYSTEMPATH\Commands\Server\rewrite.php(47): require_once('FCPATH\\index.php')
CRITICAL - 2022-12-30 01:37:33 --> Unsupported operand types: string + string
in APPPATH\Controllers\About.php on line 16.
 1 SYSTEMPATH\CodeIgniter.php(925): App\Controllers\About->get()
 2 SYSTEMPATH\CodeIgniter.php(480): CodeIgniter\CodeIgniter->runController(Object(App\Controllers\About))
 3 SYSTEMPATH\CodeIgniter.php(349): CodeIgniter\CodeIgniter->handleRequest(null, Object(Config\Cache), false)
 4 FCPATH\index.php(67): CodeIgniter\CodeIgniter->run()
 5 SYSTEMPATH\Commands\Server\rewrite.php(47): require_once('FCPATH\\index.php')
CRITICAL - 2022-12-30 01:37:57 --> Unsupported operand types: string + string
in APPPATH\Controllers\About.php on line 16.
 1 SYSTEMPATH\CodeIgniter.php(925): App\Controllers\About->get()
 2 SYSTEMPATH\CodeIgniter.php(480): CodeIgniter\CodeIgniter->runController(Object(App\Controllers\About))
 3 SYSTEMPATH\CodeIgniter.php(349): CodeIgniter\CodeIgniter->handleRequest(null, Object(Config\Cache), false)
 4 FCPATH\index.php(67): CodeIgniter\CodeIgniter->run()
 5 SYSTEMPATH\Commands\Server\rewrite.php(47): require_once('FCPATH\\index.php')
CRITICAL - 2022-12-30 01:38:10 --> Unsupported operand types: string + string
in APPPATH\Controllers\About.php on line 16.
 1 SYSTEMPATH\CodeIgniter.php(925): App\Controllers\About->get()
 2 SYSTEMPATH\CodeIgniter.php(480): CodeIgniter\CodeIgniter->runController(Object(App\Controllers\About))
 3 SYSTEMPATH\CodeIgniter.php(349): CodeIgniter\CodeIgniter->handleRequest(null, Object(Config\Cache), false)
 4 FCPATH\index.php(67): CodeIgniter\CodeIgniter->run()
 5 SYSTEMPATH\Commands\Server\rewrite.php(47): require_once('FCPATH\\index.php')
CRITICAL - 2022-12-30 01:39:10 --> Unsupported operand types: string + string
in APPPATH\Controllers\About.php on line 16.
 1 SYSTEMPATH\CodeIgniter.php(925): App\Controllers\About->about()
 2 SYSTEMPATH\CodeIgniter.php(480): CodeIgniter\CodeIgniter->runController(Object(App\Controllers\About))
 3 SYSTEMPATH\CodeIgniter.php(349): CodeIgniter\CodeIgniter->handleRequest(null, Object(Config\Cache), false)
 4 FCPATH\index.php(67): CodeIgniter\CodeIgniter->run()
 5 SYSTEMPATH\Commands\Server\rewrite.php(47): require_once('FCPATH\\index.php')
CRITICAL - 2022-12-30 01:39:12 --> Unsupported operand types: string + string
in APPPATH\Controllers\About.php on line 16.
 1 SYSTEMPATH\CodeIgniter.php(925): App\Controllers\About->about()
 2 SYSTEMPATH\CodeIgniter.php(480): CodeIgniter\CodeIgniter->runController(Object(App\Controllers\About))
 3 SYSTEMPATH\CodeIgniter.php(349): CodeIgniter\CodeIgniter->handleRequest(null, Object(Config\Cache), false)
 4 FCPATH\index.php(67): CodeIgniter\CodeIgniter->run()
 5 SYSTEMPATH\Commands\Server\rewrite.php(47): require_once('FCPATH\\index.php')
CRITICAL - 2022-12-30 01:40:16 --> Unsupported operand types: string + string
in APPPATH\Controllers\About.php on line 16.
 1 SYSTEMPATH\CodeIgniter.php(925): App\Controllers\About->coba()
 2 SYSTEMPATH\CodeIgniter.php(480): CodeIgniter\CodeIgniter->runController(Object(App\Controllers\About))
 3 SYSTEMPATH\CodeIgniter.php(349): CodeIgniter\CodeIgniter->handleRequest(null, Object(Config\Cache), false)
 4 FCPATH\index.php(67): CodeIgniter\CodeIgniter->run()
 5 SYSTEMPATH\Commands\Server\rewrite.php(47): require_once('FCPATH\\index.php')
CRITICAL - 2022-12-30 01:44:01 --> Unsupported operand types: string + string
in APPPATH\Controllers\About.php on line 16.
 1 SYSTEMPATH\CodeIgniter.php(925): App\Controllers\About->coba()
 2 SYSTEMPATH\CodeIgniter.php(480): CodeIgniter\CodeIgniter->runController(Object(App\Controllers\About))
 3 SYSTEMPATH\CodeIgniter.php(349): CodeIgniter\CodeIgniter->handleRequest(null, Object(Config\Cache), false)
 4 FCPATH\index.php(67): CodeIgniter\CodeIgniter->run()
 5 SYSTEMPATH\Commands\Server\rewrite.php(47): require_once('FCPATH\\index.php')
CRITICAL - 2022-12-30 01:46:14 --> Unsupported operand types: string + string
in APPPATH\Controllers\About.php on line 16.
 1 SYSTEMPATH\CodeIgniter.php(925): App\Controllers\About->coba()
 2 SYSTEMPATH\CodeIgniter.php(480): CodeIgniter\CodeIgniter->runController(Object(App\Controllers\About))
 3 SYSTEMPATH\CodeIgniter.php(349): CodeIgniter\CodeIgniter->handleRequest(null, Object(Config\Cache), false)
 4 FCPATH\index.php(67): CodeIgniter\CodeIgniter->run()
 5 SYSTEMPATH\Commands\Server\rewrite.php(47): require_once('FCPATH\\index.php')
CRITICAL - 2022-12-30 01:57:54 --> The namespace delimiter is a backslash (\), not a slash (/). Route handler: \App\Controllers\Admin/Users::index
in SYSTEMPATH\Router\Router.php on line 466.
 1 SYSTEMPATH\Router\Router.php(466): CodeIgniter\Router\Exceptions\RouterException::forInvalidControllerName('\\App\\Controllers\\Admin/Users::index')
 2 SYSTEMPATH\Router\Router.php(181): CodeIgniter\Router\Router->checkRoutes('users')
 3 SYSTEMPATH\CodeIgniter.php(800): CodeIgniter\Router\Router->handle('users')
 4 SYSTEMPATH\CodeIgniter.php(428): CodeIgniter\CodeIgniter->tryToRouteIt(Object(CodeIgniter\Router\RouteCollection))
 5 SYSTEMPATH\CodeIgniter.php(349): CodeIgniter\CodeIgniter->handleRequest(null, Object(Config\Cache), false)
 6 FCPATH\index.php(67): CodeIgniter\CodeIgniter->run()
 7 SYSTEMPATH\Commands\Server\rewrite.php(47): require_once('FCPATH\\index.php')
CRITICAL - 2022-12-30 01:57:57 --> The namespace delimiter is a backslash (\), not a slash (/). Route handler: \App\Controllers\Admin/Users::index
in SYSTEMPATH\Router\Router.php on line 466.
 1 SYSTEMPATH\Router\Router.php(466): CodeIgniter\Router\Exceptions\RouterException::forInvalidControllerName('\\App\\Controllers\\Admin/Users::index')
 2 SYSTEMPATH\Router\Router.php(181): CodeIgniter\Router\Router->checkRoutes('users')
 3 SYSTEMPATH\CodeIgniter.php(800): CodeIgniter\Router\Router->handle('users')
 4 SYSTEMPATH\CodeIgniter.php(428): CodeIgniter\CodeIgniter->tryToRouteIt(Object(CodeIgniter\Router\RouteCollection))
 5 SYSTEMPATH\CodeIgniter.php(349): CodeIgniter\CodeIgniter->handleRequest(null, Object(Config\Cache), false)
 6 FCPATH\index.php(67): CodeIgniter\CodeIgniter->run()
 7 SYSTEMPATH\Commands\Server\rewrite.php(47): require_once('FCPATH\\index.php')
CRITICAL - 2022-12-30 01:58:05 --> The namespace delimiter is a backslash (\), not a slash (/). Route handler: \App\Controllers\Admin/Users::index
in SYSTEMPATH\Router\Router.php on line 466.
 1 SYSTEMPATH\Router\Router.php(466): CodeIgniter\Router\Exceptions\RouterException::forInvalidControllerName('\\App\\Controllers\\Admin/Users::index')
 2 SYSTEMPATH\Router\Router.php(181): CodeIgniter\Router\Router->checkRoutes('users')
 3 SYSTEMPATH\CodeIgniter.php(800): CodeIgniter\Router\Router->handle('users')
 4 SYSTEMPATH\CodeIgniter.php(428): CodeIgniter\CodeIgniter->tryToRouteIt(Object(CodeIgniter\Router\RouteCollection))
 5 SYSTEMPATH\CodeIgniter.php(349): CodeIgniter\CodeIgniter->handleRequest(null, Object(Config\Cache), false)
 6 FCPATH\index.php(67): CodeIgniter\CodeIgniter->run()
 7 SYSTEMPATH\Commands\Server\rewrite.php(47): require_once('FCPATH\\index.php')
CRITICAL - 2022-12-30 01:58:06 --> The namespace delimiter is a backslash (\), not a slash (/). Route handler: \App\Controllers\Admin/Users::index
in SYSTEMPATH\Router\Router.php on line 466.
 1 SYSTEMPATH\Router\Router.php(466): CodeIgniter\Router\Exceptions\RouterException::forInvalidControllerName('\\App\\Controllers\\Admin/Users::index')
 2 SYSTEMPATH\Router\Router.php(181): CodeIgniter\Router\Router->checkRoutes('users')
 3 SYSTEMPATH\CodeIgniter.php(800): CodeIgniter\Router\Router->handle('users')
 4 SYSTEMPATH\CodeIgniter.php(428): CodeIgniter\CodeIgniter->tryToRouteIt(Object(CodeIgniter\Router\RouteCollection))
 5 SYSTEMPATH\CodeIgniter.php(349): CodeIgniter\CodeIgniter->handleRequest(null, Object(Config\Cache), false)
 6 FCPATH\index.php(67): CodeIgniter\CodeIgniter->run()
 7 SYSTEMPATH\Commands\Server\rewrite.php(47): require_once('FCPATH\\index.php')
CRITICAL - 2022-12-30 01:58:36 --> The namespace delimiter is a backslash (\), not a slash (/). Route handler: \App\Controllers\Admin/Users::index/$1/$2
in SYSTEMPATH\Router\Router.php on line 466.
 1 SYSTEMPATH\Router\Router.php(466): CodeIgniter\Router\Exceptions\RouterException::forInvalidControllerName('\\App\\Controllers\\Admin/Users::index/$1/$2')
 2 SYSTEMPATH\Router\Router.php(181): CodeIgniter\Router\Router->checkRoutes('users/aris/23')
 3 SYSTEMPATH\CodeIgniter.php(800): CodeIgniter\Router\Router->handle('users/aris/23')
 4 SYSTEMPATH\CodeIgniter.php(428): CodeIgniter\CodeIgniter->tryToRouteIt(Object(CodeIgniter\Router\RouteCollection))
 5 SYSTEMPATH\CodeIgniter.php(349): CodeIgniter\CodeIgniter->handleRequest(null, Object(Config\Cache), false)
 6 FCPATH\index.php(67): CodeIgniter\CodeIgniter->run()
 7 SYSTEMPATH\Commands\Server\rewrite.php(47): require_once('FCPATH\\index.php')
CRITICAL - 2022-12-30 02:15:41 --> Class "App\Controllers\Admin\BaseController" not found
in APPPATH\Controllers\Admin\Admin.php on line 6.
 1 SYSTEMPATH\Autoloader\Autoloader.php(283): include_once()
 2 SYSTEMPATH\Autoloader\Autoloader.php(260): CodeIgniter\Autoloader\Autoloader->includeFile('APPPATH\\Controllers\\Admin\\Admin.php')
 3 SYSTEMPATH\Autoloader\Autoloader.php(238): CodeIgniter\Autoloader\Autoloader->loadInNamespace('App\\Controllers\\Admin\\Admin')
 4 [internal function]: CodeIgniter\Autoloader\Autoloader->loadClass('App\\Controllers\\Admin\\Admin')
 5 SYSTEMPATH\CodeIgniter.php(875): class_exists('\\App\\Controllers\\Admin\\Admin', true)
 6 SYSTEMPATH\CodeIgniter.php(467): CodeIgniter\CodeIgniter->startController()
 7 SYSTEMPATH\CodeIgniter.php(349): CodeIgniter\CodeIgniter->handleRequest(null, Object(Config\Cache), false)
 8 FCPATH\index.php(67): CodeIgniter\CodeIgniter->run()
 9 SYSTEMPATH\Commands\Server\rewrite.php(47): require_once('FCPATH\\index.php')
<<<<<<< HEAD
CRITICAL - 2022-12-30 09:00:11 --> Undefined variable $router
in APPPATH\Config\Routes.php on line 52.
 1 APPPATH\Config\Routes.php(52): CodeIgniter\Debug\Exceptions->errorHandler(2, 'Undefined variable $router', 'APPPATH\\Config\\Routes.php', 52)
 2 SYSTEMPATH\CodeIgniter.php(787): require('APPPATH\\Config\\Routes.php')
 3 SYSTEMPATH\CodeIgniter.php(428): CodeIgniter\CodeIgniter->tryToRouteIt(Object(CodeIgniter\Router\RouteCollection))
 4 SYSTEMPATH\CodeIgniter.php(349): CodeIgniter\CodeIgniter->handleRequest(null, Object(Config\Cache), false)
 5 FCPATH\index.php(67): CodeIgniter\CodeIgniter->run()
 6 SYSTEMPATH\Commands\Server\rewrite.php(47): require_once('FCPATH\\index.php')
CRITICAL - 2022-12-30 09:01:23 --> Undefined variable $router
in APPPATH\Config\Routes.php on line 52.
 1 APPPATH\Config\Routes.php(52): CodeIgniter\Debug\Exceptions->errorHandler(2, 'Undefined variable $router', 'APPPATH\\Config\\Routes.php', 52)
 2 SYSTEMPATH\CodeIgniter.php(787): require('APPPATH\\Config\\Routes.php')
 3 SYSTEMPATH\CodeIgniter.php(428): CodeIgniter\CodeIgniter->tryToRouteIt(Object(CodeIgniter\Router\RouteCollection))
 4 SYSTEMPATH\CodeIgniter.php(349): CodeIgniter\CodeIgniter->handleRequest(null, Object(Config\Cache), false)
 5 FCPATH\index.php(67): CodeIgniter\CodeIgniter->run()
 6 SYSTEMPATH\Commands\Server\rewrite.php(47): require_once('FCPATH\\index.php')
CRITICAL - 2022-12-30 09:01:26 --> Undefined variable $router
in APPPATH\Config\Routes.php on line 52.
 1 APPPATH\Config\Routes.php(52): CodeIgniter\Debug\Exceptions->errorHandler(2, 'Undefined variable $router', 'APPPATH\\Config\\Routes.php', 52)
 2 SYSTEMPATH\CodeIgniter.php(787): require('APPPATH\\Config\\Routes.php')
 3 SYSTEMPATH\CodeIgniter.php(428): CodeIgniter\CodeIgniter->tryToRouteIt(Object(CodeIgniter\Router\RouteCollection))
 4 SYSTEMPATH\CodeIgniter.php(349): CodeIgniter\CodeIgniter->handleRequest(null, Object(Config\Cache), false)
 5 FCPATH\index.php(67): CodeIgniter\CodeIgniter->run()
 6 SYSTEMPATH\Commands\Server\rewrite.php(47): require_once('FCPATH\\index.php')
CRITICAL - 2022-12-30 09:01:44 --> Undefined variable $router
in APPPATH\Config\Routes.php on line 52.
 1 APPPATH\Config\Routes.php(52): CodeIgniter\Debug\Exceptions->errorHandler(2, 'Undefined variable $router', 'APPPATH\\Config\\Routes.php', 52)
 2 SYSTEMPATH\CodeIgniter.php(787): require('APPPATH\\Config\\Routes.php')
 3 SYSTEMPATH\CodeIgniter.php(428): CodeIgniter\CodeIgniter->tryToRouteIt(Object(CodeIgniter\Router\RouteCollection))
 4 SYSTEMPATH\CodeIgniter.php(349): CodeIgniter\CodeIgniter->handleRequest(null, Object(Config\Cache), false)
 5 FCPATH\index.php(67): CodeIgniter\CodeIgniter->run()
 6 SYSTEMPATH\Commands\Server\rewrite.php(47): require_once('FCPATH\\index.php')
CRITICAL - 2022-12-30 09:01:46 --> Undefined variable $router
in APPPATH\Config\Routes.php on line 52.
 1 APPPATH\Config\Routes.php(52): CodeIgniter\Debug\Exceptions->errorHandler(2, 'Undefined variable $router', 'APPPATH\\Config\\Routes.php', 52)
 2 SYSTEMPATH\CodeIgniter.php(787): require('APPPATH\\Config\\Routes.php')
 3 SYSTEMPATH\CodeIgniter.php(428): CodeIgniter\CodeIgniter->tryToRouteIt(Object(CodeIgniter\Router\RouteCollection))
 4 SYSTEMPATH\CodeIgniter.php(349): CodeIgniter\CodeIgniter->handleRequest(null, Object(Config\Cache), false)
 5 FCPATH\index.php(67): CodeIgniter\CodeIgniter->run()
 6 SYSTEMPATH\Commands\Server\rewrite.php(47): require_once('FCPATH\\index.php')
CRITICAL - 2022-12-30 09:02:35 --> Undefined variable $router
in APPPATH\Config\Routes.php on line 52.
 1 APPPATH\Config\Routes.php(52): CodeIgniter\Debug\Exceptions->errorHandler(2, 'Undefined variable $router', 'APPPATH\\Config\\Routes.php', 52)
 2 SYSTEMPATH\CodeIgniter.php(787): require('APPPATH\\Config\\Routes.php')
 3 SYSTEMPATH\CodeIgniter.php(428): CodeIgniter\CodeIgniter->tryToRouteIt(Object(CodeIgniter\Router\RouteCollection))
 4 SYSTEMPATH\CodeIgniter.php(349): CodeIgniter\CodeIgniter->handleRequest(null, Object(Config\Cache), false)
 5 FCPATH\index.php(67): CodeIgniter\CodeIgniter->run()
 6 SYSTEMPATH\Commands\Server\rewrite.php(47): require_once('FCPATH\\index.php')
CRITICAL - 2022-12-30 09:02:36 --> Undefined variable $router
in APPPATH\Config\Routes.php on line 52.
 1 APPPATH\Config\Routes.php(52): CodeIgniter\Debug\Exceptions->errorHandler(2, 'Undefined variable $router', 'APPPATH\\Config\\Routes.php', 52)
 2 SYSTEMPATH\CodeIgniter.php(787): require('APPPATH\\Config\\Routes.php')
 3 SYSTEMPATH\CodeIgniter.php(428): CodeIgniter\CodeIgniter->tryToRouteIt(Object(CodeIgniter\Router\RouteCollection))
 4 SYSTEMPATH\CodeIgniter.php(349): CodeIgniter\CodeIgniter->handleRequest(null, Object(Config\Cache), false)
 5 FCPATH\index.php(67): CodeIgniter\CodeIgniter->run()
 6 SYSTEMPATH\Commands\Server\rewrite.php(47): require_once('FCPATH\\index.php')
CRITICAL - 2022-12-30 09:06:06 --> Undefined variable $router
in APPPATH\Config\Routes.php on line 52.
 1 APPPATH\Config\Routes.php(52): CodeIgniter\Debug\Exceptions->errorHandler(2, 'Undefined variable $router', 'APPPATH\\Config\\Routes.php', 52)
 2 SYSTEMPATH\CodeIgniter.php(787): require('APPPATH\\Config\\Routes.php')
 3 SYSTEMPATH\CodeIgniter.php(428): CodeIgniter\CodeIgniter->tryToRouteIt(Object(CodeIgniter\Router\RouteCollection))
 4 SYSTEMPATH\CodeIgniter.php(349): CodeIgniter\CodeIgniter->handleRequest(null, Object(Config\Cache), false)
 5 FCPATH\index.php(67): CodeIgniter\CodeIgniter->run()
 6 SYSTEMPATH\Commands\Server\rewrite.php(47): require_once('FCPATH\\index.php')
CRITICAL - 2022-12-30 09:06:41 --> Undefined variable $router
in APPPATH\Config\Routes.php on line 52.
 1 APPPATH\Config\Routes.php(52): CodeIgniter\Debug\Exceptions->errorHandler(2, 'Undefined variable $router', 'APPPATH\\Config\\Routes.php', 52)
 2 SYSTEMPATH\CodeIgniter.php(787): require('APPPATH\\Config\\Routes.php')
 3 SYSTEMPATH\CodeIgniter.php(428): CodeIgniter\CodeIgniter->tryToRouteIt(Object(CodeIgniter\Router\RouteCollection))
 4 SYSTEMPATH\CodeIgniter.php(349): CodeIgniter\CodeIgniter->handleRequest(null, Object(Config\Cache), false)
 5 FCPATH\index.php(67): CodeIgniter\CodeIgniter->run()
 6 SYSTEMPATH\Commands\Server\rewrite.php(47): require_once('FCPATH\\index.php')
CRITICAL - 2022-12-30 09:06:44 --> Undefined variable $router
in APPPATH\Config\Routes.php on line 52.
 1 APPPATH\Config\Routes.php(52): CodeIgniter\Debug\Exceptions->errorHandler(2, 'Undefined variable $router', 'APPPATH\\Config\\Routes.php', 52)
 2 SYSTEMPATH\CodeIgniter.php(787): require('APPPATH\\Config\\Routes.php')
 3 SYSTEMPATH\CodeIgniter.php(428): CodeIgniter\CodeIgniter->tryToRouteIt(Object(CodeIgniter\Router\RouteCollection))
 4 SYSTEMPATH\CodeIgniter.php(349): CodeIgniter\CodeIgniter->handleRequest(null, Object(Config\Cache), false)
 5 FCPATH\index.php(67): CodeIgniter\CodeIgniter->run()
 6 SYSTEMPATH\Commands\Server\rewrite.php(47): require_once('FCPATH\\index.php')
CRITICAL - 2022-12-30 09:07:07 --> Undefined variable $router
in APPPATH\Config\Routes.php on line 52.
 1 APPPATH\Config\Routes.php(52): CodeIgniter\Debug\Exceptions->errorHandler(2, 'Undefined variable $router', 'APPPATH\\Config\\Routes.php', 52)
 2 SYSTEMPATH\CodeIgniter.php(787): require('APPPATH\\Config\\Routes.php')
 3 SYSTEMPATH\CodeIgniter.php(428): CodeIgniter\CodeIgniter->tryToRouteIt(Object(CodeIgniter\Router\RouteCollection))
 4 SYSTEMPATH\CodeIgniter.php(349): CodeIgniter\CodeIgniter->handleRequest(null, Object(Config\Cache), false)
 5 FCPATH\index.php(67): CodeIgniter\CodeIgniter->run()
 6 SYSTEMPATH\Commands\Server\rewrite.php(47): require_once('FCPATH\\index.php')
CRITICAL - 2022-12-30 09:07:22 --> Undefined variable $router
in APPPATH\Config\Routes.php on line 52.
 1 APPPATH\Config\Routes.php(52): CodeIgniter\Debug\Exceptions->errorHandler(2, 'Undefined variable $router', 'APPPATH\\Config\\Routes.php', 52)
 2 SYSTEMPATH\CodeIgniter.php(787): require('APPPATH\\Config\\Routes.php')
 3 SYSTEMPATH\CodeIgniter.php(428): CodeIgniter\CodeIgniter->tryToRouteIt(Object(CodeIgniter\Router\RouteCollection))
 4 SYSTEMPATH\CodeIgniter.php(349): CodeIgniter\CodeIgniter->handleRequest(null, Object(Config\Cache), false)
 5 FCPATH\index.php(67): CodeIgniter\CodeIgniter->run()
 6 SYSTEMPATH\Commands\Server\rewrite.php(47): require_once('FCPATH\\index.php')
CRITICAL - 2022-12-30 09:07:27 --> Undefined variable $router
in APPPATH\Config\Routes.php on line 52.
 1 APPPATH\Config\Routes.php(52): CodeIgniter\Debug\Exceptions->errorHandler(2, 'Undefined variable $router', 'APPPATH\\Config\\Routes.php', 52)
 2 SYSTEMPATH\CodeIgniter.php(787): require('APPPATH\\Config\\Routes.php')
 3 SYSTEMPATH\CodeIgniter.php(428): CodeIgniter\CodeIgniter->tryToRouteIt(Object(CodeIgniter\Router\RouteCollection))
 4 SYSTEMPATH\CodeIgniter.php(349): CodeIgniter\CodeIgniter->handleRequest(null, Object(Config\Cache), false)
 5 FCPATH\index.php(67): CodeIgniter\CodeIgniter->run()
 6 SYSTEMPATH\Commands\Server\rewrite.php(47): require_once('FCPATH\\index.php')
CRITICAL - 2022-12-30 09:07:45 --> Undefined variable $router
in APPPATH\Config\Routes.php on line 52.
 1 APPPATH\Config\Routes.php(52): CodeIgniter\Debug\Exceptions->errorHandler(2, 'Undefined variable $router', 'APPPATH\\Config\\Routes.php', 52)
 2 SYSTEMPATH\CodeIgniter.php(787): require('APPPATH\\Config\\Routes.php')
 3 SYSTEMPATH\CodeIgniter.php(428): CodeIgniter\CodeIgniter->tryToRouteIt(Object(CodeIgniter\Router\RouteCollection))
 4 SYSTEMPATH\CodeIgniter.php(349): CodeIgniter\CodeIgniter->handleRequest(null, Object(Config\Cache), false)
 5 FCPATH\index.php(67): CodeIgniter\CodeIgniter->run()
 6 SYSTEMPATH\Commands\Server\rewrite.php(47): require_once('FCPATH\\index.php')
CRITICAL - 2022-12-30 09:08:10 --> Undefined variable $router
in APPPATH\Config\Routes.php on line 52.
 1 APPPATH\Config\Routes.php(52): CodeIgniter\Debug\Exceptions->errorHandler(2, 'Undefined variable $router', 'APPPATH\\Config\\Routes.php', 52)
 2 SYSTEMPATH\CodeIgniter.php(787): require('APPPATH\\Config\\Routes.php')
 3 SYSTEMPATH\CodeIgniter.php(428): CodeIgniter\CodeIgniter->tryToRouteIt(Object(CodeIgniter\Router\RouteCollection))
 4 SYSTEMPATH\CodeIgniter.php(349): CodeIgniter\CodeIgniter->handleRequest(null, Object(Config\Cache), false)
 5 FCPATH\index.php(67): CodeIgniter\CodeIgniter->run()
 6 SYSTEMPATH\Commands\Server\rewrite.php(47): require_once('FCPATH\\index.php')
CRITICAL - 2022-12-30 10:51:25 --> Invalid file: \Modules\Admin\Views\AdminView.php
in SYSTEMPATH\Exceptions\FrameworkException.php on line 33.
 1 SYSTEMPATH\View\View.php(201): CodeIgniter\Exceptions\FrameworkException::forInvalidFile('\\Modules\\Admin\\Views\\AdminView.php')
 2 SYSTEMPATH\Common.php(1135): CodeIgniter\View\View->render('\\Modules\\Admin\\Views\\AdminView', [], true)
 3 APPPATH\Modules\Master\Controllers\AdminController.php(15): view('\\Modules\\Admin\\Views\\AdminView')
 4 SYSTEMPATH\CodeIgniter.php(925): App\Modules\Master\Controllers\AdminController->index()
 5 SYSTEMPATH\CodeIgniter.php(480): CodeIgniter\CodeIgniter->runController(Object(App\Modules\Master\Controllers\AdminController))
 6 SYSTEMPATH\CodeIgniter.php(349): CodeIgniter\CodeIgniter->handleRequest(null, Object(Config\Cache), false)
 7 FCPATH\index.php(67): CodeIgniter\CodeIgniter->run()
 8 SYSTEMPATH\Commands\Server\rewrite.php(47): require_once('FCPATH\\index.php')
CRITICAL - 2022-12-30 10:51:35 --> Invalid file: Modules\Admin\Views\AdminView.php
in SYSTEMPATH\Exceptions\FrameworkException.php on line 33.
 1 SYSTEMPATH\View\View.php(201): CodeIgniter\Exceptions\FrameworkException::forInvalidFile('Modules\\Admin\\Views\\AdminView.php')
 2 SYSTEMPATH\Common.php(1135): CodeIgniter\View\View->render('Modules\\Admin\\Views\\AdminView', [], true)
 3 APPPATH\Modules\Master\Controllers\AdminController.php(15): view('Modules\\Admin\\Views\\AdminView')
 4 SYSTEMPATH\CodeIgniter.php(925): App\Modules\Master\Controllers\AdminController->index()
 5 SYSTEMPATH\CodeIgniter.php(480): CodeIgniter\CodeIgniter->runController(Object(App\Modules\Master\Controllers\AdminController))
 6 SYSTEMPATH\CodeIgniter.php(349): CodeIgniter\CodeIgniter->handleRequest(null, Object(Config\Cache), false)
 7 FCPATH\index.php(67): CodeIgniter\CodeIgniter->run()
 8 SYSTEMPATH\Commands\Server\rewrite.php(47): require_once('FCPATH\\index.php')
CRITICAL - 2022-12-30 10:51:55 --> Invalid file: \Modules\Admin\View\AdminView.php
in SYSTEMPATH\Exceptions\FrameworkException.php on line 33.
 1 SYSTEMPATH\View\View.php(201): CodeIgniter\Exceptions\FrameworkException::forInvalidFile('\\Modules\\Admin\\View\\AdminView.php')
 2 SYSTEMPATH\Common.php(1135): CodeIgniter\View\View->render('\\Modules\\Admin\\View\\AdminView', [], true)
 3 APPPATH\Modules\Master\Controllers\AdminController.php(15): view('\\Modules\\Admin\\View\\AdminView')
 4 SYSTEMPATH\CodeIgniter.php(925): App\Modules\Master\Controllers\AdminController->index()
 5 SYSTEMPATH\CodeIgniter.php(480): CodeIgniter\CodeIgniter->runController(Object(App\Modules\Master\Controllers\AdminController))
 6 SYSTEMPATH\CodeIgniter.php(349): CodeIgniter\CodeIgniter->handleRequest(null, Object(Config\Cache), false)
 7 FCPATH\index.php(67): CodeIgniter\CodeIgniter->run()
 8 SYSTEMPATH\Commands\Server\rewrite.php(47): require_once('FCPATH\\index.php')
CRITICAL - 2022-12-30 10:52:14 --> Invalid file: Views\AdminView.php
in SYSTEMPATH\Exceptions\FrameworkException.php on line 33.
 1 SYSTEMPATH\View\View.php(201): CodeIgniter\Exceptions\FrameworkException::forInvalidFile('Views\\AdminView.php')
 2 SYSTEMPATH\Common.php(1135): CodeIgniter\View\View->render('Views\\AdminView', [], true)
 3 APPPATH\Modules\Master\Controllers\AdminController.php(15): view('Views\\AdminView')
 4 SYSTEMPATH\CodeIgniter.php(925): App\Modules\Master\Controllers\AdminController->index()
 5 SYSTEMPATH\CodeIgniter.php(480): CodeIgniter\CodeIgniter->runController(Object(App\Modules\Master\Controllers\AdminController))
 6 SYSTEMPATH\CodeIgniter.php(349): CodeIgniter\CodeIgniter->handleRequest(null, Object(Config\Cache), false)
 7 FCPATH\index.php(67): CodeIgniter\CodeIgniter->run()
 8 SYSTEMPATH\Commands\Server\rewrite.php(47): require_once('FCPATH\\index.php')
CRITICAL - 2022-12-30 10:52:25 --> Invalid file: App\Modules\Admin\Views\AdminView.php
in SYSTEMPATH\Exceptions\FrameworkException.php on line 33.
 1 SYSTEMPATH\View\View.php(201): CodeIgniter\Exceptions\FrameworkException::forInvalidFile('App\\Modules\\Admin\\Views\\AdminView.php')
 2 SYSTEMPATH\Common.php(1135): CodeIgniter\View\View->render('App\\Modules\\Admin\\Views\\AdminView', [], true)
 3 APPPATH\Modules\Master\Controllers\AdminController.php(15): view('App\\Modules\\Admin\\Views\\AdminView')
 4 SYSTEMPATH\CodeIgniter.php(925): App\Modules\Master\Controllers\AdminController->index()
 5 SYSTEMPATH\CodeIgniter.php(480): CodeIgniter\CodeIgniter->runController(Object(App\Modules\Master\Controllers\AdminController))
 6 SYSTEMPATH\CodeIgniter.php(349): CodeIgniter\CodeIgniter->handleRequest(null, Object(Config\Cache), false)
 7 FCPATH\index.php(67): CodeIgniter\CodeIgniter->run()
 8 SYSTEMPATH\Commands\Server\rewrite.php(47): require_once('FCPATH\\index.php')
CRITICAL - 2022-12-30 10:52:49 --> Invalid file: Master\Views\AdminView.php
in SYSTEMPATH\Exceptions\FrameworkException.php on line 33.
 1 SYSTEMPATH\View\View.php(201): CodeIgniter\Exceptions\FrameworkException::forInvalidFile('Master\\Views\\AdminView.php')
 2 SYSTEMPATH\Common.php(1135): CodeIgniter\View\View->render('Master\\Views\\AdminView', [], true)
 3 APPPATH\Modules\Master\Controllers\AdminController.php(15): view('Master\\Views\\AdminView')
 4 SYSTEMPATH\CodeIgniter.php(925): App\Modules\Master\Controllers\AdminController->index()
 5 SYSTEMPATH\CodeIgniter.php(480): CodeIgniter\CodeIgniter->runController(Object(App\Modules\Master\Controllers\AdminController))
 6 SYSTEMPATH\CodeIgniter.php(349): CodeIgniter\CodeIgniter->handleRequest(null, Object(Config\Cache), false)
 7 FCPATH\index.php(67): CodeIgniter\CodeIgniter->run()
 8 SYSTEMPATH\Commands\Server\rewrite.php(47): require_once('FCPATH\\index.php')
CRITICAL - 2022-12-30 10:53:02 --> Invalid file: Modules\Master\Views\AdminView.php
in SYSTEMPATH\Exceptions\FrameworkException.php on line 33.
 1 SYSTEMPATH\View\View.php(201): CodeIgniter\Exceptions\FrameworkException::forInvalidFile('Modules\\Master\\Views\\AdminView.php')
 2 SYSTEMPATH\Common.php(1135): CodeIgniter\View\View->render('Modules\\Master\\Views\\AdminView', [], true)
 3 APPPATH\Modules\Master\Controllers\AdminController.php(15): view('Modules\\Master\\Views\\AdminView')
 4 SYSTEMPATH\CodeIgniter.php(925): App\Modules\Master\Controllers\AdminController->index()
 5 SYSTEMPATH\CodeIgniter.php(480): CodeIgniter\CodeIgniter->runController(Object(App\Modules\Master\Controllers\AdminController))
 6 SYSTEMPATH\CodeIgniter.php(349): CodeIgniter\CodeIgniter->handleRequest(null, Object(Config\Cache), false)
 7 FCPATH\index.php(67): CodeIgniter\CodeIgniter->run()
 8 SYSTEMPATH\Commands\Server\rewrite.php(47): require_once('FCPATH\\index.php')
CRITICAL - 2022-12-30 10:53:09 --> Invalid file: \Modules\Master\Views\AdminView.php
in SYSTEMPATH\Exceptions\FrameworkException.php on line 33.
 1 SYSTEMPATH\View\View.php(201): CodeIgniter\Exceptions\FrameworkException::forInvalidFile('\\Modules\\Master\\Views\\AdminView.php')
 2 SYSTEMPATH\Common.php(1135): CodeIgniter\View\View->render('\\Modules\\Master\\Views\\AdminView', [], true)
 3 APPPATH\Modules\Master\Controllers\AdminController.php(15): view('\\Modules\\Master\\Views\\AdminView')
 4 SYSTEMPATH\CodeIgniter.php(925): App\Modules\Master\Controllers\AdminController->index()
 5 SYSTEMPATH\CodeIgniter.php(480): CodeIgniter\CodeIgniter->runController(Object(App\Modules\Master\Controllers\AdminController))
 6 SYSTEMPATH\CodeIgniter.php(349): CodeIgniter\CodeIgniter->handleRequest(null, Object(Config\Cache), false)
 7 FCPATH\index.php(67): CodeIgniter\CodeIgniter->run()
 8 SYSTEMPATH\Commands\Server\rewrite.php(47): require_once('FCPATH\\index.php')
CRITICAL - 2022-12-30 11:02:31 --> Invalid file: Master/AdminView.php
in SYSTEMPATH\Exceptions\FrameworkException.php on line 33.
 1 SYSTEMPATH\View\View.php(201): CodeIgniter\Exceptions\FrameworkException::forInvalidFile('Master/AdminView.php')
 2 SYSTEMPATH\Common.php(1135): CodeIgniter\View\View->render('Master/AdminView', [], true)
 3 APPPATH\Modules\Master\Controllers\AdminController.php(19): view('Master/AdminView', [...])
 4 SYSTEMPATH\CodeIgniter.php(925): App\Modules\Master\Controllers\AdminController->index()
 5 SYSTEMPATH\CodeIgniter.php(480): CodeIgniter\CodeIgniter->runController(Object(App\Modules\Master\Controllers\AdminController))
 6 SYSTEMPATH\CodeIgniter.php(349): CodeIgniter\CodeIgniter->handleRequest(null, Object(Config\Cache), false)
 7 FCPATH\index.php(67): CodeIgniter\CodeIgniter->run()
 8 SYSTEMPATH\Commands\Server\rewrite.php(47): require_once('FCPATH\\index.php')
CRITICAL - 2022-12-30 11:02:33 --> Invalid file: Master/AdminView.php
in SYSTEMPATH\Exceptions\FrameworkException.php on line 33.
 1 SYSTEMPATH\View\View.php(201): CodeIgniter\Exceptions\FrameworkException::forInvalidFile('Master/AdminView.php')
 2 SYSTEMPATH\Common.php(1135): CodeIgniter\View\View->render('Master/AdminView', [], true)
 3 APPPATH\Modules\Master\Controllers\AdminController.php(19): view('Master/AdminView', [...])
 4 SYSTEMPATH\CodeIgniter.php(925): App\Modules\Master\Controllers\AdminController->index()
 5 SYSTEMPATH\CodeIgniter.php(480): CodeIgniter\CodeIgniter->runController(Object(App\Modules\Master\Controllers\AdminController))
 6 SYSTEMPATH\CodeIgniter.php(349): CodeIgniter\CodeIgniter->handleRequest(null, Object(Config\Cache), false)
 7 FCPATH\index.php(67): CodeIgniter\CodeIgniter->run()
 8 SYSTEMPATH\Commands\Server\rewrite.php(47): require_once('FCPATH\\index.php')
CRITICAL - 2022-12-30 11:10:17 --> Invalid file: template/admin.php
in SYSTEMPATH\Exceptions\FrameworkException.php on line 33.
 1 SYSTEMPATH\View\View.php(201): CodeIgniter\Exceptions\FrameworkException::forInvalidFile('template/admin.php')
 2 SYSTEMPATH\Common.php(1135): CodeIgniter\View\View->render('template/admin', [], true)
 3 APPPATH\Modules\Master\Controllers\AdminController.php(18): view('template/admin', [...])
 4 SYSTEMPATH\CodeIgniter.php(925): App\Modules\Master\Controllers\AdminController->index()
 5 SYSTEMPATH\CodeIgniter.php(480): CodeIgniter\CodeIgniter->runController(Object(App\Modules\Master\Controllers\AdminController))
 6 SYSTEMPATH\CodeIgniter.php(349): CodeIgniter\CodeIgniter->handleRequest(null, Object(Config\Cache), false)
 7 FCPATH\index.php(67): CodeIgniter\CodeIgniter->run()
 8 SYSTEMPATH\Commands\Server\rewrite.php(47): require_once('FCPATH\\index.php')
CRITICAL - 2022-12-30 11:10:20 --> Invalid file: template/admin.php
in SYSTEMPATH\Exceptions\FrameworkException.php on line 33.
 1 SYSTEMPATH\View\View.php(201): CodeIgniter\Exceptions\FrameworkException::forInvalidFile('template/admin.php')
 2 SYSTEMPATH\Common.php(1135): CodeIgniter\View\View->render('template/admin', [], true)
 3 APPPATH\Modules\Master\Controllers\AdminController.php(18): view('template/admin', [...])
 4 SYSTEMPATH\CodeIgniter.php(925): App\Modules\Master\Controllers\AdminController->index()
 5 SYSTEMPATH\CodeIgniter.php(480): CodeIgniter\CodeIgniter->runController(Object(App\Modules\Master\Controllers\AdminController))
 6 SYSTEMPATH\CodeIgniter.php(349): CodeIgniter\CodeIgniter->handleRequest(null, Object(Config\Cache), false)
 7 FCPATH\index.php(67): CodeIgniter\CodeIgniter->run()
 8 SYSTEMPATH\Commands\Server\rewrite.php(47): require_once('FCPATH\\index.php')
CRITICAL - 2022-12-30 11:10:24 --> Invalid file: template/admin.php
in SYSTEMPATH\Exceptions\FrameworkException.php on line 33.
 1 SYSTEMPATH\View\View.php(201): CodeIgniter\Exceptions\FrameworkException::forInvalidFile('template/admin.php')
 2 SYSTEMPATH\Common.php(1135): CodeIgniter\View\View->render('template/admin', [], true)
 3 APPPATH\Modules\Master\Controllers\AdminController.php(18): view('template/admin', [...])
 4 SYSTEMPATH\CodeIgniter.php(925): App\Modules\Master\Controllers\AdminController->index()
 5 SYSTEMPATH\CodeIgniter.php(480): CodeIgniter\CodeIgniter->runController(Object(App\Modules\Master\Controllers\AdminController))
 6 SYSTEMPATH\CodeIgniter.php(349): CodeIgniter\CodeIgniter->handleRequest(null, Object(Config\Cache), false)
 7 FCPATH\index.php(67): CodeIgniter\CodeIgniter->run()
 8 SYSTEMPATH\Commands\Server\rewrite.php(47): require_once('FCPATH\\index.php')
CRITICAL - 2022-12-30 11:11:17 --> Invalid file: template\admin.php
in SYSTEMPATH\Exceptions\FrameworkException.php on line 33.
 1 SYSTEMPATH\View\View.php(201): CodeIgniter\Exceptions\FrameworkException::forInvalidFile('template\\admin.php')
 2 SYSTEMPATH\Common.php(1135): CodeIgniter\View\View->render('template\\admin', [], true)
 3 APPPATH\Modules\Master\Controllers\AdminController.php(18): view('template\\admin', [...])
 4 SYSTEMPATH\CodeIgniter.php(925): App\Modules\Master\Controllers\AdminController->index()
 5 SYSTEMPATH\CodeIgniter.php(480): CodeIgniter\CodeIgniter->runController(Object(App\Modules\Master\Controllers\AdminController))
 6 SYSTEMPATH\CodeIgniter.php(349): CodeIgniter\CodeIgniter->handleRequest(null, Object(Config\Cache), false)
 7 FCPATH\index.php(67): CodeIgniter\CodeIgniter->run()
 8 SYSTEMPATH\Commands\Server\rewrite.php(47): require_once('FCPATH\\index.php')
CRITICAL - 2022-12-30 11:11:18 --> Invalid file: template\admin.php
in SYSTEMPATH\Exceptions\FrameworkException.php on line 33.
 1 SYSTEMPATH\View\View.php(201): CodeIgniter\Exceptions\FrameworkException::forInvalidFile('template\\admin.php')
 2 SYSTEMPATH\Common.php(1135): CodeIgniter\View\View->render('template\\admin', [], true)
 3 APPPATH\Modules\Master\Controllers\AdminController.php(18): view('template\\admin', [...])
 4 SYSTEMPATH\CodeIgniter.php(925): App\Modules\Master\Controllers\AdminController->index()
 5 SYSTEMPATH\CodeIgniter.php(480): CodeIgniter\CodeIgniter->runController(Object(App\Modules\Master\Controllers\AdminController))
 6 SYSTEMPATH\CodeIgniter.php(349): CodeIgniter\CodeIgniter->handleRequest(null, Object(Config\Cache), false)
 7 FCPATH\index.php(67): CodeIgniter\CodeIgniter->run()
 8 SYSTEMPATH\Commands\Server\rewrite.php(47): require_once('FCPATH\\index.php')
CRITICAL - 2022-12-30 11:11:35 --> Invalid file: layout/navbar.php
in SYSTEMPATH\Exceptions\FrameworkException.php on line 33.
 1 SYSTEMPATH\View\View.php(201): CodeIgniter\Exceptions\FrameworkException::forInvalidFile('layout/navbar.php')
 2 SYSTEMPATH\View\View.php(431): CodeIgniter\View\View->render('layout/navbar', null, true)
 3 APPPATH\Views\template\admin\layout.php(15): CodeIgniter\View\View->include('layout/navbar')
 4 SYSTEMPATH\View\View.php(213): include('APPPATH\\Views\\template\\admin\\layout.php')
 5 SYSTEMPATH\View\View.php(216): CodeIgniter\View\View->CodeIgniter\View\{closure}()
 6 SYSTEMPATH\Common.php(1135): CodeIgniter\View\View->render('template\\admin\\layout', [], true)
 7 APPPATH\Modules\Master\Controllers\AdminController.php(18): view('template\\admin\\layout', [...])
 8 SYSTEMPATH\CodeIgniter.php(925): App\Modules\Master\Controllers\AdminController->index()
 9 SYSTEMPATH\CodeIgniter.php(480): CodeIgniter\CodeIgniter->runController(Object(App\Modules\Master\Controllers\AdminController))
10 SYSTEMPATH\CodeIgniter.php(349): CodeIgniter\CodeIgniter->handleRequest(null, Object(Config\Cache), false)
11 FCPATH\index.php(67): CodeIgniter\CodeIgniter->run()
12 SYSTEMPATH\Commands\Server\rewrite.php(47): require_once('FCPATH\\index.php')
CRITICAL - 2022-12-30 11:11:37 --> Invalid file: layout/navbar.php
in SYSTEMPATH\Exceptions\FrameworkException.php on line 33.
 1 SYSTEMPATH\View\View.php(201): CodeIgniter\Exceptions\FrameworkException::forInvalidFile('layout/navbar.php')
 2 SYSTEMPATH\View\View.php(431): CodeIgniter\View\View->render('layout/navbar', null, true)
 3 APPPATH\Views\template\admin\layout.php(15): CodeIgniter\View\View->include('layout/navbar')
 4 SYSTEMPATH\View\View.php(213): include('APPPATH\\Views\\template\\admin\\layout.php')
 5 SYSTEMPATH\View\View.php(216): CodeIgniter\View\View->CodeIgniter\View\{closure}()
 6 SYSTEMPATH\Common.php(1135): CodeIgniter\View\View->render('template\\admin\\layout', [], true)
 7 APPPATH\Modules\Master\Controllers\AdminController.php(18): view('template\\admin\\layout', [...])
 8 SYSTEMPATH\CodeIgniter.php(925): App\Modules\Master\Controllers\AdminController->index()
 9 SYSTEMPATH\CodeIgniter.php(480): CodeIgniter\CodeIgniter->runController(Object(App\Modules\Master\Controllers\AdminController))
10 SYSTEMPATH\CodeIgniter.php(349): CodeIgniter\CodeIgniter->handleRequest(null, Object(Config\Cache), false)
11 FCPATH\index.php(67): CodeIgniter\CodeIgniter->run()
12 SYSTEMPATH\Commands\Server\rewrite.php(47): require_once('FCPATH\\index.php')
CRITICAL - 2022-12-30 11:13:18 --> Invalid file: layout/navbar.php
in SYSTEMPATH\Exceptions\FrameworkException.php on line 33.
 1 SYSTEMPATH\View\View.php(201): CodeIgniter\Exceptions\FrameworkException::forInvalidFile('layout/navbar.php')
 2 SYSTEMPATH\View\View.php(431): CodeIgniter\View\View->render('layout/navbar', null, true)
 3 APPPATH\Views\template\admin\layout.php(15): CodeIgniter\View\View->include('layout/navbar')
 4 SYSTEMPATH\View\View.php(213): include('APPPATH\\Views\\template\\admin\\layout.php')
 5 SYSTEMPATH\View\View.php(216): CodeIgniter\View\View->CodeIgniter\View\{closure}()
 6 SYSTEMPATH\Common.php(1135): CodeIgniter\View\View->render('template/admin/layout', [], true)
 7 APPPATH\Modules\Master\Controllers\AdminController.php(19): view('template/admin/layout', [...])
 8 SYSTEMPATH\CodeIgniter.php(925): App\Modules\Master\Controllers\AdminController->index()
 9 SYSTEMPATH\CodeIgniter.php(480): CodeIgniter\CodeIgniter->runController(Object(App\Modules\Master\Controllers\AdminController))
10 SYSTEMPATH\CodeIgniter.php(349): CodeIgniter\CodeIgniter->handleRequest(null, Object(Config\Cache), false)
11 FCPATH\index.php(67): CodeIgniter\CodeIgniter->run()
12 SYSTEMPATH\Commands\Server\rewrite.php(47): require_once('FCPATH\\index.php')
CRITICAL - 2022-12-30 11:13:20 --> Invalid file: layout/navbar.php
in SYSTEMPATH\Exceptions\FrameworkException.php on line 33.
 1 SYSTEMPATH\View\View.php(201): CodeIgniter\Exceptions\FrameworkException::forInvalidFile('layout/navbar.php')
 2 SYSTEMPATH\View\View.php(431): CodeIgniter\View\View->render('layout/navbar', null, true)
 3 APPPATH\Views\template\admin\layout.php(15): CodeIgniter\View\View->include('layout/navbar')
 4 SYSTEMPATH\View\View.php(213): include('APPPATH\\Views\\template\\admin\\layout.php')
 5 SYSTEMPATH\View\View.php(216): CodeIgniter\View\View->CodeIgniter\View\{closure}()
 6 SYSTEMPATH\Common.php(1135): CodeIgniter\View\View->render('template/admin/layout', [], true)
 7 APPPATH\Modules\Master\Controllers\AdminController.php(19): view('template/admin/layout', [...])
 8 SYSTEMPATH\CodeIgniter.php(925): App\Modules\Master\Controllers\AdminController->index()
 9 SYSTEMPATH\CodeIgniter.php(480): CodeIgniter\CodeIgniter->runController(Object(App\Modules\Master\Controllers\AdminController))
10 SYSTEMPATH\CodeIgniter.php(349): CodeIgniter\CodeIgniter->handleRequest(null, Object(Config\Cache), false)
11 FCPATH\index.php(67): CodeIgniter\CodeIgniter->run()
12 SYSTEMPATH\Commands\Server\rewrite.php(47): require_once('FCPATH\\index.php')
CRITICAL - 2022-12-30 11:13:26 --> Invalid file: layout/navbar.php
in SYSTEMPATH\Exceptions\FrameworkException.php on line 33.
 1 SYSTEMPATH\View\View.php(201): CodeIgniter\Exceptions\FrameworkException::forInvalidFile('layout/navbar.php')
 2 SYSTEMPATH\View\View.php(431): CodeIgniter\View\View->render('layout/navbar', null, true)
 3 APPPATH\Views\template\admin\layout.php(15): CodeIgniter\View\View->include('layout/navbar')
 4 SYSTEMPATH\View\View.php(213): include('APPPATH\\Views\\template\\admin\\layout.php')
 5 SYSTEMPATH\View\View.php(216): CodeIgniter\View\View->CodeIgniter\View\{closure}()
 6 SYSTEMPATH\Common.php(1135): CodeIgniter\View\View->render('template/admin/layout', [], true)
 7 APPPATH\Modules\Master\Controllers\AdminController.php(19): view('template/admin/layout', [...])
 8 SYSTEMPATH\CodeIgniter.php(925): App\Modules\Master\Controllers\AdminController->index()
 9 SYSTEMPATH\CodeIgniter.php(480): CodeIgniter\CodeIgniter->runController(Object(App\Modules\Master\Controllers\AdminController))
10 SYSTEMPATH\CodeIgniter.php(349): CodeIgniter\CodeIgniter->handleRequest(null, Object(Config\Cache), false)
11 FCPATH\index.php(67): CodeIgniter\CodeIgniter->run()
12 SYSTEMPATH\Commands\Server\rewrite.php(47): require_once('FCPATH\\index.php')
CRITICAL - 2022-12-30 11:13:28 --> Invalid file: layout/navbar.php
in SYSTEMPATH\Exceptions\FrameworkException.php on line 33.
 1 SYSTEMPATH\View\View.php(201): CodeIgniter\Exceptions\FrameworkException::forInvalidFile('layout/navbar.php')
 2 SYSTEMPATH\View\View.php(431): CodeIgniter\View\View->render('layout/navbar', null, true)
 3 APPPATH\Views\template\admin\layout.php(15): CodeIgniter\View\View->include('layout/navbar')
 4 SYSTEMPATH\View\View.php(213): include('APPPATH\\Views\\template\\admin\\layout.php')
 5 SYSTEMPATH\View\View.php(216): CodeIgniter\View\View->CodeIgniter\View\{closure}()
 6 SYSTEMPATH\Common.php(1135): CodeIgniter\View\View->render('template/admin/layout', [], true)
 7 APPPATH\Modules\Master\Controllers\AdminController.php(19): view('template/admin/layout', [...])
 8 SYSTEMPATH\CodeIgniter.php(925): App\Modules\Master\Controllers\AdminController->index()
 9 SYSTEMPATH\CodeIgniter.php(480): CodeIgniter\CodeIgniter->runController(Object(App\Modules\Master\Controllers\AdminController))
10 SYSTEMPATH\CodeIgniter.php(349): CodeIgniter\CodeIgniter->handleRequest(null, Object(Config\Cache), false)
11 FCPATH\index.php(67): CodeIgniter\CodeIgniter->run()
12 SYSTEMPATH\Commands\Server\rewrite.php(47): require_once('FCPATH\\index.php')
CRITICAL - 2022-12-30 11:13:36 --> Invalid file: layout/navbar.php
in SYSTEMPATH\Exceptions\FrameworkException.php on line 33.
 1 SYSTEMPATH\View\View.php(201): CodeIgniter\Exceptions\FrameworkException::forInvalidFile('layout/navbar.php')
 2 SYSTEMPATH\View\View.php(431): CodeIgniter\View\View->render('layout/navbar', null, true)
 3 APPPATH\Views\template\admin\layout.php(15): CodeIgniter\View\View->include('layout/navbar')
 4 SYSTEMPATH\View\View.php(213): include('APPPATH\\Views\\template\\admin\\layout.php')
 5 SYSTEMPATH\View\View.php(216): CodeIgniter\View\View->CodeIgniter\View\{closure}()
 6 SYSTEMPATH\Common.php(1135): CodeIgniter\View\View->render('template\\admin\\layout', [], true)
 7 APPPATH\Modules\Master\Controllers\AdminController.php(19): view('template\\admin\\layout', [...])
 8 SYSTEMPATH\CodeIgniter.php(925): App\Modules\Master\Controllers\AdminController->index()
 9 SYSTEMPATH\CodeIgniter.php(480): CodeIgniter\CodeIgniter->runController(Object(App\Modules\Master\Controllers\AdminController))
10 SYSTEMPATH\CodeIgniter.php(349): CodeIgniter\CodeIgniter->handleRequest(null, Object(Config\Cache), false)
11 FCPATH\index.php(67): CodeIgniter\CodeIgniter->run()
12 SYSTEMPATH\Commands\Server\rewrite.php(47): require_once('FCPATH\\index.php')
CRITICAL - 2022-12-30 11:14:17 --> Invalid file: layout/navbar.php
in SYSTEMPATH\Exceptions\FrameworkException.php on line 33.
 1 SYSTEMPATH\View\View.php(201): CodeIgniter\Exceptions\FrameworkException::forInvalidFile('layout/navbar.php')
 2 SYSTEMPATH\View\View.php(431): CodeIgniter\View\View->render('layout/navbar', null, true)
 3 APPPATH\Views\template\admin\layout.php(15): CodeIgniter\View\View->include('layout/navbar')
 4 SYSTEMPATH\View\View.php(213): include('APPPATH\\Views\\template\\admin\\layout.php')
 5 SYSTEMPATH\View\View.php(216): CodeIgniter\View\View->CodeIgniter\View\{closure}()
 6 SYSTEMPATH\Common.php(1135): CodeIgniter\View\View->render('\\template\\admin\\layout', [], true)
 7 APPPATH\Modules\Master\Controllers\AdminController.php(19): view('\\template\\admin\\layout', [...])
 8 SYSTEMPATH\CodeIgniter.php(925): App\Modules\Master\Controllers\AdminController->index()
 9 SYSTEMPATH\CodeIgniter.php(480): CodeIgniter\CodeIgniter->runController(Object(App\Modules\Master\Controllers\AdminController))
10 SYSTEMPATH\CodeIgniter.php(349): CodeIgniter\CodeIgniter->handleRequest(null, Object(Config\Cache), false)
11 FCPATH\index.php(67): CodeIgniter\CodeIgniter->run()
12 SYSTEMPATH\Commands\Server\rewrite.php(47): require_once('FCPATH\\index.php')
CRITICAL - 2022-12-30 11:14:19 --> Invalid file: layout/navbar.php
in SYSTEMPATH\Exceptions\FrameworkException.php on line 33.
 1 SYSTEMPATH\View\View.php(201): CodeIgniter\Exceptions\FrameworkException::forInvalidFile('layout/navbar.php')
 2 SYSTEMPATH\View\View.php(431): CodeIgniter\View\View->render('layout/navbar', null, true)
 3 APPPATH\Views\template\admin\layout.php(15): CodeIgniter\View\View->include('layout/navbar')
 4 SYSTEMPATH\View\View.php(213): include('APPPATH\\Views\\template\\admin\\layout.php')
 5 SYSTEMPATH\View\View.php(216): CodeIgniter\View\View->CodeIgniter\View\{closure}()
 6 SYSTEMPATH\Common.php(1135): CodeIgniter\View\View->render('\\template\\admin\\layout', [], true)
 7 APPPATH\Modules\Master\Controllers\AdminController.php(19): view('\\template\\admin\\layout', [...])
 8 SYSTEMPATH\CodeIgniter.php(925): App\Modules\Master\Controllers\AdminController->index()
 9 SYSTEMPATH\CodeIgniter.php(480): CodeIgniter\CodeIgniter->runController(Object(App\Modules\Master\Controllers\AdminController))
10 SYSTEMPATH\CodeIgniter.php(349): CodeIgniter\CodeIgniter->handleRequest(null, Object(Config\Cache), false)
11 FCPATH\index.php(67): CodeIgniter\CodeIgniter->run()
12 SYSTEMPATH\Commands\Server\rewrite.php(47): require_once('FCPATH\\index.php')
CRITICAL - 2022-12-30 11:15:03 --> Invalid file: layout/navbar.php
in SYSTEMPATH\Exceptions\FrameworkException.php on line 33.
 1 SYSTEMPATH\View\View.php(201): CodeIgniter\Exceptions\FrameworkException::forInvalidFile('layout/navbar.php')
 2 SYSTEMPATH\View\View.php(431): CodeIgniter\View\View->render('layout/navbar', null, true)
 3 APPPATH\Views\template\admin\layout.php(15): CodeIgniter\View\View->include('layout/navbar')
 4 SYSTEMPATH\View\View.php(213): include('APPPATH\\Views\\template\\admin\\layout.php')
 5 SYSTEMPATH\View\View.php(216): CodeIgniter\View\View->CodeIgniter\View\{closure}()
 6 SYSTEMPATH\Common.php(1135): CodeIgniter\View\View->render('\\template\\admin\\layout', [], true)
 7 APPPATH\Modules\Master\Controllers\AdminController.php(19): view('\\template\\admin\\layout', [...])
 8 SYSTEMPATH\CodeIgniter.php(925): App\Modules\Master\Controllers\AdminController->index()
 9 SYSTEMPATH\CodeIgniter.php(480): CodeIgniter\CodeIgniter->runController(Object(App\Modules\Master\Controllers\AdminController))
10 SYSTEMPATH\CodeIgniter.php(349): CodeIgniter\CodeIgniter->handleRequest(null, Object(Config\Cache), false)
11 FCPATH\index.php(67): CodeIgniter\CodeIgniter->run()
12 SYSTEMPATH\Commands\Server\rewrite.php(47): require_once('FCPATH\\index.php')
CRITICAL - 2022-12-30 11:15:05 --> Invalid file: layout/navbar.php
in SYSTEMPATH\Exceptions\FrameworkException.php on line 33.
 1 SYSTEMPATH\View\View.php(201): CodeIgniter\Exceptions\FrameworkException::forInvalidFile('layout/navbar.php')
 2 SYSTEMPATH\View\View.php(431): CodeIgniter\View\View->render('layout/navbar', null, true)
 3 APPPATH\Views\template\admin\layout.php(15): CodeIgniter\View\View->include('layout/navbar')
 4 SYSTEMPATH\View\View.php(213): include('APPPATH\\Views\\template\\admin\\layout.php')
 5 SYSTEMPATH\View\View.php(216): CodeIgniter\View\View->CodeIgniter\View\{closure}()
 6 SYSTEMPATH\Common.php(1135): CodeIgniter\View\View->render('\\template\\admin\\layout', [], true)
 7 APPPATH\Modules\Master\Controllers\AdminController.php(19): view('\\template\\admin\\layout', [...])
 8 SYSTEMPATH\CodeIgniter.php(925): App\Modules\Master\Controllers\AdminController->index()
 9 SYSTEMPATH\CodeIgniter.php(480): CodeIgniter\CodeIgniter->runController(Object(App\Modules\Master\Controllers\AdminController))
10 SYSTEMPATH\CodeIgniter.php(349): CodeIgniter\CodeIgniter->handleRequest(null, Object(Config\Cache), false)
11 FCPATH\index.php(67): CodeIgniter\CodeIgniter->run()
12 SYSTEMPATH\Commands\Server\rewrite.php(47): require_once('FCPATH\\index.php')
CRITICAL - 2022-12-30 11:15:25 --> Invalid file: layout/navbar.php
in SYSTEMPATH\Exceptions\FrameworkException.php on line 33.
 1 SYSTEMPATH\View\View.php(201): CodeIgniter\Exceptions\FrameworkException::forInvalidFile('layout/navbar.php')
 2 SYSTEMPATH\View\View.php(431): CodeIgniter\View\View->render('layout/navbar', null, true)
 3 APPPATH\Views\template\admin\layout.php(15): CodeIgniter\View\View->include('layout/navbar')
 4 SYSTEMPATH\View\View.php(213): include('APPPATH\\Views\\template\\admin\\layout.php')
 5 SYSTEMPATH\View\View.php(216): CodeIgniter\View\View->CodeIgniter\View\{closure}()
 6 SYSTEMPATH\Common.php(1135): CodeIgniter\View\View->render('\\template\\admin\\layout', [], true)
 7 APPPATH\Modules\Master\Controllers\AdminController.php(19): view('\\template\\admin\\layout', [...])
 8 SYSTEMPATH\CodeIgniter.php(925): App\Modules\Master\Controllers\AdminController->index()
 9 SYSTEMPATH\CodeIgniter.php(480): CodeIgniter\CodeIgniter->runController(Object(App\Modules\Master\Controllers\AdminController))
10 SYSTEMPATH\CodeIgniter.php(349): CodeIgniter\CodeIgniter->handleRequest(null, Object(Config\Cache), false)
11 FCPATH\index.php(67): CodeIgniter\CodeIgniter->run()
12 SYSTEMPATH\Commands\Server\rewrite.php(47): require_once('FCPATH\\index.php')
CRITICAL - 2022-12-30 11:15:43 --> Invalid file: template\layout.php
in SYSTEMPATH\Exceptions\FrameworkException.php on line 33.
 1 SYSTEMPATH\View\View.php(201): CodeIgniter\Exceptions\FrameworkException::forInvalidFile('template\\layout.php')
 2 SYSTEMPATH\Common.php(1135): CodeIgniter\View\View->render('template\\layout', [], true)
 3 APPPATH\Modules\Master\Controllers\AdminController.php(19): view('template\\layout', [...])
 4 SYSTEMPATH\CodeIgniter.php(925): App\Modules\Master\Controllers\AdminController->index()
 5 SYSTEMPATH\CodeIgniter.php(480): CodeIgniter\CodeIgniter->runController(Object(App\Modules\Master\Controllers\AdminController))
 6 SYSTEMPATH\CodeIgniter.php(349): CodeIgniter\CodeIgniter->handleRequest(null, Object(Config\Cache), false)
 7 FCPATH\index.php(67): CodeIgniter\CodeIgniter->run()
 8 SYSTEMPATH\Commands\Server\rewrite.php(47): require_once('FCPATH\\index.php')
CRITICAL - 2022-12-30 11:16:46 --> Invalid file: layout/navbar.php
in SYSTEMPATH\Exceptions\FrameworkException.php on line 33.
 1 SYSTEMPATH\View\View.php(201): CodeIgniter\Exceptions\FrameworkException::forInvalidFile('layout/navbar.php')
 2 SYSTEMPATH\View\View.php(431): CodeIgniter\View\View->render('layout/navbar', null, true)
 3 APPPATH\Views\template\admin\layout.php(15): CodeIgniter\View\View->include('layout/navbar')
 4 SYSTEMPATH\View\View.php(213): include('APPPATH\\Views\\template\\admin\\layout.php')
 5 SYSTEMPATH\View\View.php(216): CodeIgniter\View\View->CodeIgniter\View\{closure}()
 6 SYSTEMPATH\Common.php(1135): CodeIgniter\View\View->render('template\\admin\\layout', [], true)
 7 APPPATH\Modules\Master\Controllers\AdminController.php(19): view('template\\admin\\layout', [...])
 8 SYSTEMPATH\CodeIgniter.php(925): App\Modules\Master\Controllers\AdminController->index()
 9 SYSTEMPATH\CodeIgniter.php(480): CodeIgniter\CodeIgniter->runController(Object(App\Modules\Master\Controllers\AdminController))
10 SYSTEMPATH\CodeIgniter.php(349): CodeIgniter\CodeIgniter->handleRequest(null, Object(Config\Cache), false)
11 FCPATH\index.php(67): CodeIgniter\CodeIgniter->run()
12 SYSTEMPATH\Commands\Server\rewrite.php(47): require_once('FCPATH\\index.php')
CRITICAL - 2022-12-30 11:19:26 --> Invalid file: layout/navbar.php
in SYSTEMPATH\Exceptions\FrameworkException.php on line 33.
 1 SYSTEMPATH\View\View.php(201): CodeIgniter\Exceptions\FrameworkException::forInvalidFile('layout/navbar.php')
 2 SYSTEMPATH\View\View.php(431): CodeIgniter\View\View->render('layout/navbar', null, true)
 3 APPPATH\Views\admin_template\layout.php(15): CodeIgniter\View\View->include('layout/navbar')
 4 SYSTEMPATH\View\View.php(213): include('APPPATH\\Views\\admin_template\\layout.php')
 5 SYSTEMPATH\View\View.php(216): CodeIgniter\View\View->CodeIgniter\View\{closure}()
 6 SYSTEMPATH\Common.php(1135): CodeIgniter\View\View->render('admin_template\\layout', [], true)
 7 APPPATH\Modules\Master\Controllers\AdminController.php(19): view('admin_template\\layout', [...])
 8 SYSTEMPATH\CodeIgniter.php(925): App\Modules\Master\Controllers\AdminController->index()
 9 SYSTEMPATH\CodeIgniter.php(480): CodeIgniter\CodeIgniter->runController(Object(App\Modules\Master\Controllers\AdminController))
10 SYSTEMPATH\CodeIgniter.php(349): CodeIgniter\CodeIgniter->handleRequest(null, Object(Config\Cache), false)
11 FCPATH\index.php(67): CodeIgniter\CodeIgniter->run()
12 SYSTEMPATH\Commands\Server\rewrite.php(47): require_once('FCPATH\\index.php')
CRITICAL - 2022-12-30 11:42:11 --> Undefined property: App\Modules\Master\Controllers\AdminController::$userModel
in APPPATH\Modules\Master\Controllers\AdminController.php on line 26.
 1 APPPATH\Modules\Master\Controllers\AdminController.php(26): CodeIgniter\Debug\Exceptions->errorHandler(2, 'Undefined property: App\\Modules\\Master\\Controllers\\AdminController::$userModel', 'APPPATH\\Modules\\Master\\Controllers\\AdminController.php', 26)
 2 SYSTEMPATH\CodeIgniter.php(925): App\Modules\Master\Controllers\AdminController->index()
 3 SYSTEMPATH\CodeIgniter.php(480): CodeIgniter\CodeIgniter->runController(Object(App\Modules\Master\Controllers\AdminController))
 4 SYSTEMPATH\CodeIgniter.php(349): CodeIgniter\CodeIgniter->handleRequest(null, Object(Config\Cache), false)
 5 FCPATH\index.php(67): CodeIgniter\CodeIgniter->run()
 6 SYSTEMPATH\Commands\Server\rewrite.php(47): require_once('FCPATH\\index.php')
CRITICAL - 2022-12-30 11:43:14 --> Undefined property: App\Modules\Master\Controllers\AdminController::$userModel
in APPPATH\Modules\Master\Controllers\AdminController.php on line 26.
 1 APPPATH\Modules\Master\Controllers\AdminController.php(26): CodeIgniter\Debug\Exceptions->errorHandler(2, 'Undefined property: App\\Modules\\Master\\Controllers\\AdminController::$userModel', 'APPPATH\\Modules\\Master\\Controllers\\AdminController.php', 26)
 2 SYSTEMPATH\CodeIgniter.php(925): App\Modules\Master\Controllers\AdminController->index()
 3 SYSTEMPATH\CodeIgniter.php(480): CodeIgniter\CodeIgniter->runController(Object(App\Modules\Master\Controllers\AdminController))
 4 SYSTEMPATH\CodeIgniter.php(349): CodeIgniter\CodeIgniter->handleRequest(null, Object(Config\Cache), false)
 5 FCPATH\index.php(67): CodeIgniter\CodeIgniter->run()
 6 SYSTEMPATH\Commands\Server\rewrite.php(47): require_once('FCPATH\\index.php')
CRITICAL - 2022-12-30 11:43:17 --> Undefined property: App\Modules\Master\Controllers\AdminController::$userModel
in APPPATH\Modules\Master\Controllers\AdminController.php on line 26.
 1 APPPATH\Modules\Master\Controllers\AdminController.php(26): CodeIgniter\Debug\Exceptions->errorHandler(2, 'Undefined property: App\\Modules\\Master\\Controllers\\AdminController::$userModel', 'APPPATH\\Modules\\Master\\Controllers\\AdminController.php', 26)
 2 SYSTEMPATH\CodeIgniter.php(925): App\Modules\Master\Controllers\AdminController->index()
 3 SYSTEMPATH\CodeIgniter.php(480): CodeIgniter\CodeIgniter->runController(Object(App\Modules\Master\Controllers\AdminController))
 4 SYSTEMPATH\CodeIgniter.php(349): CodeIgniter\CodeIgniter->handleRequest(null, Object(Config\Cache), false)
 5 FCPATH\index.php(67): CodeIgniter\CodeIgniter->run()
 6 SYSTEMPATH\Commands\Server\rewrite.php(47): require_once('FCPATH\\index.php')
CRITICAL - 2022-12-30 11:54:20 --> Call to undefined method App\Modules\Reports\Models\ReportModel::getReports
in SYSTEMPATH\Model.php on line 807.
 1 APPPATH\Modules\Reports\Controllers\ReportController.php(26): CodeIgniter\Model->__call('getReports', [])
 2 SYSTEMPATH\CodeIgniter.php(925): App\Modules\Reports\Controllers\ReportController->index()
 3 SYSTEMPATH\CodeIgniter.php(480): CodeIgniter\CodeIgniter->runController(Object(App\Modules\Reports\Controllers\ReportController))
 4 SYSTEMPATH\CodeIgniter.php(349): CodeIgniter\CodeIgniter->handleRequest(null, Object(Config\Cache), false)
 5 FCPATH\index.php(67): CodeIgniter\CodeIgniter->run()
 6 SYSTEMPATH\Commands\Server\rewrite.php(47): require_once('FCPATH\\index.php')
CRITICAL - 2022-12-30 11:54:40 --> Call to undefined method App\Modules\Reports\Models\ReportModel::getReports
in SYSTEMPATH\Model.php on line 807.
 1 APPPATH\Modules\Reports\Controllers\ReportController.php(26): CodeIgniter\Model->__call('getReports', [])
 2 SYSTEMPATH\CodeIgniter.php(925): App\Modules\Reports\Controllers\ReportController->index()
 3 SYSTEMPATH\CodeIgniter.php(480): CodeIgniter\CodeIgniter->runController(Object(App\Modules\Reports\Controllers\ReportController))
 4 SYSTEMPATH\CodeIgniter.php(349): CodeIgniter\CodeIgniter->handleRequest(null, Object(Config\Cache), false)
 5 FCPATH\index.php(67): CodeIgniter\CodeIgniter->run()
 6 SYSTEMPATH\Commands\Server\rewrite.php(47): require_once('FCPATH\\index.php')
CRITICAL - 2022-12-30 11:54:56 --> Call to undefined method App\Modules\Reports\Models\ReportModel::getReports
in SYSTEMPATH\Model.php on line 807.
 1 APPPATH\Modules\Reports\Controllers\ReportController.php(26): CodeIgniter\Model->__call('getReports', [])
 2 SYSTEMPATH\CodeIgniter.php(925): App\Modules\Reports\Controllers\ReportController->index()
 3 SYSTEMPATH\CodeIgniter.php(480): CodeIgniter\CodeIgniter->runController(Object(App\Modules\Reports\Controllers\ReportController))
 4 SYSTEMPATH\CodeIgniter.php(349): CodeIgniter\CodeIgniter->handleRequest(null, Object(Config\Cache), false)
 5 FCPATH\index.php(67): CodeIgniter\CodeIgniter->run()
 6 SYSTEMPATH\Commands\Server\rewrite.php(47): require_once('FCPATH\\index.php')
=======
>>>>>>> 5f8974304708914861180ec6674e123c227a0bb2
CRITICAL - 2022-12-30 12:39:44 --> Class "CodeIgniter\Cache\CacheFactory" not found
in SYSTEMPATH\Config\Services.php on line 113.
 1 SYSTEMPATH\Config\BaseService.php(253): CodeIgniter\Config\Services::cache(Object(Config\Cache), false)
 2 SYSTEMPATH\Config\BaseService.php(194): CodeIgniter\Config\BaseService::__callStatic('cache', [...])
 3 SYSTEMPATH\Config\Services.php(108): CodeIgniter\Config\BaseService::getSharedInstance('cache', null)
 4 SYSTEMPATH\Config\BaseService.php(253): CodeIgniter\Config\Services::cache()
 5 SYSTEMPATH\Common.php(70): CodeIgniter\Config\BaseService::__callStatic('cache', [])
 6 SYSTEMPATH\CodeIgniter.php(681): cache()
 7 SYSTEMPATH\CodeIgniter.php(331): CodeIgniter\CodeIgniter->displayCache(Object(Config\Cache))
 8 SYSTEMPATH\CLI\Console.php(48): CodeIgniter\CodeIgniter->run()
 9 ROOTPATH\spark(98): CodeIgniter\CLI\Console->run()
CRITICAL - 2022-12-30 12:40:01 --> Class "CodeIgniter\Cache\CacheFactory" not found
in SYSTEMPATH\Config\Services.php on line 113.
 1 SYSTEMPATH\Config\BaseService.php(253): CodeIgniter\Config\Services::cache(Object(Config\Cache), false)
 2 SYSTEMPATH\Config\BaseService.php(194): CodeIgniter\Config\BaseService::__callStatic('cache', [...])
 3 SYSTEMPATH\Config\Services.php(108): CodeIgniter\Config\BaseService::getSharedInstance('cache', null)
 4 SYSTEMPATH\Config\BaseService.php(253): CodeIgniter\Config\Services::cache()
 5 SYSTEMPATH\Common.php(70): CodeIgniter\Config\BaseService::__callStatic('cache', [])
 6 SYSTEMPATH\CodeIgniter.php(681): cache()
 7 SYSTEMPATH\CodeIgniter.php(331): CodeIgniter\CodeIgniter->displayCache(Object(Config\Cache))
 8 SYSTEMPATH\CLI\Console.php(48): CodeIgniter\CodeIgniter->run()
 9 ROOTPATH\spark(98): CodeIgniter\CLI\Console->run()
CRITICAL - 2022-12-30 12:40:39 --> Class "CodeIgniter\Cache\CacheFactory" not found
in SYSTEMPATH\Config\Services.php on line 113.
 1 SYSTEMPATH\Config\BaseService.php(253): CodeIgniter\Config\Services::cache(Object(Config\Cache), false)
 2 SYSTEMPATH\Config\BaseService.php(194): CodeIgniter\Config\BaseService::__callStatic('cache', [...])
 3 SYSTEMPATH\Config\Services.php(108): CodeIgniter\Config\BaseService::getSharedInstance('cache', null)
 4 SYSTEMPATH\Config\BaseService.php(253): CodeIgniter\Config\Services::cache()
 5 SYSTEMPATH\Common.php(70): CodeIgniter\Config\BaseService::__callStatic('cache', [])
 6 SYSTEMPATH\CodeIgniter.php(681): cache()
 7 SYSTEMPATH\CodeIgniter.php(331): CodeIgniter\CodeIgniter->displayCache(Object(Config\Cache))
 8 SYSTEMPATH\CLI\Console.php(48): CodeIgniter\CodeIgniter->run()
 9 ROOTPATH\spark(98): CodeIgniter\CLI\Console->run()
